<?xml version="1.0" encoding="UTF-8"?>
<!-- Generated by org.testng.reporters.JUnitReportReporter -->
<testsuite hostname="ndasam-PC" name="samplemaven.FirefoxDriverScript" tests="1" failures="0" timestamp="17 Jun 2016 04:47:24 GMT" time="4.588" errors="0">
  <testcase name="f" time="4.588" classname="samplemaven.FirefoxDriverScript"/>
</testsuite> <!-- samplemaven.FirefoxDriverScript -->
