<?xml version="1.0" encoding="UTF-8"?>
<!-- Generated by org.testng.reporters.JUnitReportReporter -->
<testsuite hostname="ndasam-PC" name="samplemaven.Dropdown_Count" tests="1" failures="0" timestamp="17 Jun 2016 05:44:18 GMT" time="6.388" errors="0">
  <testcase name="testDropdown_Count" time="6.388" classname="samplemaven.Dropdown_Count"/>
</testsuite> <!-- samplemaven.Dropdown_Count -->
