<?xml version="1.0" encoding="UTF-8"?>
<!-- Generated by org.testng.reporters.JUnitReportReporter -->
<testsuite hostname="ndasam-PC" name="samplemaven.DragandDrop" tests="1" failures="0" timestamp="17 Jun 2016 05:44:18 GMT" time="19.419" errors="0">
  <testcase name="testDragandDrop" time="19.419" classname="samplemaven.DragandDrop"/>
</testsuite> <!-- samplemaven.DragandDrop -->
