<?xml version="1.0" encoding="UTF-8"?>
<!-- Generated by org.testng.reporters.JUnitReportReporter -->
<testsuite hostname="ndasam-PC" name="samplemaven.Basics_Test" tests="1" failures="0" timestamp="17 Jun 2016 05:44:18 GMT" time="9.253" errors="0">
  <testcase name="testBasics_Test" time="9.253" classname="samplemaven.Basics_Test"/>
</testsuite> <!-- samplemaven.Basics_Test -->
