<?xml version="1.0" encoding="UTF-8"?>
<!-- Generated by org.testng.reporters.JUnitReportReporter -->
<testsuite hostname="ndasam-PC" name="samplemaven.Checkbox_Test" tests="1" failures="0" timestamp="17 Jun 2016 05:44:18 GMT" time="20.702" errors="0">
  <testcase name="testCheckbox_Test" time="20.702" classname="samplemaven.Checkbox_Test"/>
</testsuite> <!-- samplemaven.Checkbox_Test -->
