<?xml version="1.0" encoding="UTF-8"?>
<!-- Generated by org.testng.reporters.JUnitReportReporter -->
<testsuite hostname="ndasam-PC" name="samplemaven.Displayed_Test" tests="1" failures="0" timestamp="17 Jun 2016 05:44:18 GMT" time="5.919" errors="0">
  <testcase name="testDisplayed_Test" time="5.919" classname="samplemaven.Displayed_Test"/>
</testsuite> <!-- samplemaven.Displayed_Test -->
